2014-07-21 09:56:43,942 - __main__ - INFO - Success: Data output in all requested formats.
2014-07-21 09:56:58,947 - __main__ - INFO - Success: Data output in all requested formats.
2014-07-21 09:57:13,945 - __main__ - INFO - Success: Data output in all requested formats.
2014-07-21 10:02:34,478 - __main__ - INFO - Success: Loaded sensor plugin BMP085-temp
2014-07-21 10:02:34,489 - __main__ - INFO - Success: Loaded sensor plugin BMP085-pres
2014-07-21 10:02:34,510 - __main__ - INFO - Success: Loaded support plugin MCP3008
2014-07-21 10:02:34,535 - __main__ - INFO - Success: Loaded sensor plugin DHT22
2014-07-21 10:02:34,557 - __main__ - INFO - Success: Loaded sensor plugin LDR
2014-07-21 10:02:34,569 - __main__ - INFO - Success: Loaded sensor plugin MiCS-2710
2014-07-21 10:02:34,580 - __main__ - INFO - Success: Loaded sensor plugin MiCS-5525
2014-07-21 10:02:34,591 - __main__ - INFO - Success: Loaded sensor plugin Mic
2014-07-21 10:02:34,637 - __main__ - INFO - Success: Loaded support plugin Calibration
2014-07-21 10:02:34,659 - __main__ - INFO - Success: Loaded output plugin Print
2014-07-21 10:02:34,879 - __main__ - INFO - Success: Loaded alert plugin Tweet
2014-07-21 10:02:35,508 - __main__ - INFO - Success: Data output in all requested formats.
2014-07-21 10:02:53,683 - __main__ - INFO - Success: Loaded sensor plugin BMP085-temp
2014-07-21 10:02:53,711 - __main__ - INFO - Success: Loaded sensor plugin BMP085-pres
2014-07-21 10:02:53,732 - __main__ - INFO - Success: Loaded support plugin MCP3008
2014-07-21 10:02:53,757 - __main__ - INFO - Success: Loaded sensor plugin DHT22
2014-07-21 10:02:53,779 - __main__ - INFO - Success: Loaded sensor plugin LDR
2014-07-21 10:02:53,791 - __main__ - INFO - Success: Loaded sensor plugin MiCS-2710
2014-07-21 10:02:53,803 - __main__ - INFO - Success: Loaded sensor plugin MiCS-5525
2014-07-21 10:02:53,814 - __main__ - INFO - Success: Loaded sensor plugin Mic
2014-07-21 10:02:53,859 - __main__ - INFO - Success: Loaded support plugin Calibration
2014-07-21 10:02:53,881 - __main__ - INFO - Success: Loaded output plugin Print
2014-07-21 10:02:54,102 - __main__ - INFO - Success: Loaded alert plugin Tweet
2014-07-21 10:17:55,561 - __main__ - INFO - Success: Loaded sensor plugin BMP085-temp
2014-07-21 10:17:55,576 - __main__ - INFO - Success: Loaded sensor plugin BMP085-pres
2014-07-21 10:17:55,601 - __main__ - INFO - Success: Loaded support plugin MCP3008
2014-07-21 10:17:55,631 - __main__ - INFO - Success: Loaded sensor plugin DHT22
2014-07-21 10:17:55,657 - __main__ - INFO - Success: Loaded sensor plugin LDR
2014-07-21 10:17:55,670 - __main__ - INFO - Success: Loaded sensor plugin MiCS-2710
2014-07-21 10:17:55,681 - __main__ - INFO - Success: Loaded sensor plugin MiCS-5525
2014-07-21 10:17:55,691 - __main__ - INFO - Success: Loaded sensor plugin Mic
2014-07-21 10:17:55,741 - __main__ - INFO - Success: Loaded support plugin Calibration
2014-07-21 10:17:55,786 - __main__ - INFO - Success: Loaded output plugin CSVOutput
2014-07-21 10:17:56,091 - __main__ - INFO - Success: Loaded alert plugin Tweet
2014-07-21 10:17:56,672 - __main__ - INFO - Success: Data output in all requested formats.
2014-07-21 10:18:11,668 - __main__ - INFO - Success: Data output in all requested formats.
2014-07-21 10:18:26,671 - __main__ - INFO - Success: Data output in all requested formats.
2014-07-21 10:18:41,681 - __main__ - INFO - Success: Data output in all requested formats.
2014-07-21 10:18:56,675 - __main__ - INFO - Success: Data output in all requested formats.
2014-07-21 10:19:11,678 - __main__ - INFO - Success: Data output in all requested formats.
2014-07-21 10:19:26,688 - __main__ - INFO - Success: Data output in all requested formats.
2014-07-21 10:19:41,686 - __main__ - INFO - Success: Data output in all requested formats.
2014-07-21 10:19:56,689 - __main__ - INFO - Success: Data output in all requested formats.
2014-07-21 10:20:11,696 - __main__ - INFO - Success: Data output in all requested formats.
2014-07-21 10:20:26,696 - __main__ - INFO - Success: Data output in all requested formats.
2014-07-21 13:31:11,712 - __main__ - INFO - Success: Loaded sensor plugin BMP085-temp
2014-07-21 13:31:11,724 - __main__ - INFO - Success: Loaded sensor plugin BMP085-pres
2014-07-21 13:31:11,750 - __main__ - INFO - Success: Loaded support plugin MCP3008
2014-07-21 13:31:11,781 - __main__ - INFO - Success: Loaded sensor plugin DHT22
2014-07-21 13:31:11,804 - __main__ - INFO - Success: Loaded sensor plugin LDR
2014-07-21 13:31:11,819 - __main__ - INFO - Success: Loaded sensor plugin MiCS-2710
2014-07-21 13:31:11,831 - __main__ - INFO - Success: Loaded sensor plugin MiCS-5525
2014-07-21 13:31:11,843 - __main__ - INFO - Success: Loaded sensor plugin Mic
2014-07-21 13:31:11,892 - __main__ - INFO - Success: Loaded support plugin Calibration
2014-07-21 13:31:11,934 - __main__ - INFO - Success: Loaded output plugin CSVOutput
2014-07-21 13:31:12,241 - __main__ - INFO - Success: Loaded alert plugin Tweet
2014-07-21 13:31:12,821 - __main__ - INFO - Success: Data output in all requested formats.
2014-07-21 13:31:27,821 - __main__ - INFO - Success: Data output in all requested formats.
2014-07-21 13:31:42,822 - __main__ - INFO - Success: Data output in all requested formats.
2014-07-21 13:31:57,821 - __main__ - INFO - Success: Data output in all requested formats.
2014-07-21 13:32:12,821 - __main__ - INFO - Success: Data output in all requested formats.
2014-07-21 14:05:55,699 - __main__ - INFO - Success: Loaded sensor plugin BMP085-temp
2014-07-21 14:05:55,705 - __main__ - INFO - Success: Loaded sensor plugin BMP085-pres
2014-07-21 14:05:55,721 - __main__ - INFO - Success: Loaded support plugin MCP3008
2014-07-21 14:05:55,740 - __main__ - INFO - Success: Loaded sensor plugin DHT22
2014-07-21 14:05:55,758 - __main__ - INFO - Success: Loaded sensor plugin LDR
2014-07-21 14:05:55,765 - __main__ - INFO - Success: Loaded sensor plugin MiCS-2710
2014-07-21 14:05:55,771 - __main__ - INFO - Success: Loaded sensor plugin MiCS-5525
2014-07-21 14:05:55,777 - __main__ - INFO - Success: Loaded sensor plugin Mic
2014-07-21 14:05:55,818 - __main__ - INFO - Success: Loaded support plugin Calibration
2014-07-21 14:05:55,846 - __main__ - INFO - Success: Loaded output plugin CSVOutput
2014-07-21 14:05:56,055 - __main__ - INFO - Success: Loaded alert plugin Tweet
2014-07-21 14:05:56,628 - __main__ - INFO - Success: Data output in all requested formats.
2014-07-21 14:09:49,070 - __main__ - INFO - Success: Loaded sensor plugin BMP085-temp
2014-07-21 14:09:49,084 - __main__ - INFO - Success: Loaded sensor plugin BMP085-pres
2014-07-21 14:09:49,106 - __main__ - INFO - Success: Loaded support plugin MCP3008
2014-07-21 14:09:49,136 - __main__ - INFO - Success: Loaded sensor plugin DHT22
2014-07-21 14:09:49,163 - __main__ - INFO - Success: Loaded sensor plugin LDR
2014-07-21 14:09:49,176 - __main__ - INFO - Success: Loaded sensor plugin MiCS-2710
2014-07-21 14:09:49,186 - __main__ - INFO - Success: Loaded sensor plugin MiCS-5525
2014-07-21 14:09:49,200 - __main__ - INFO - Success: Loaded sensor plugin Mic
2014-07-21 14:09:49,256 - __main__ - INFO - Success: Loaded support plugin Calibration
2014-07-21 14:09:49,300 - __main__ - INFO - Success: Loaded output plugin CSVOutput
2014-07-21 14:09:49,599 - __main__ - INFO - Success: Loaded alert plugin Tweet
2014-07-21 16:07:34,919 - __main__ - INFO - Success: Loaded sensor plugin BMP085-temp
2014-07-21 16:07:34,931 - __main__ - INFO - Success: Loaded sensor plugin BMP085-pres
2014-07-21 16:07:34,951 - __main__ - INFO - Success: Loaded support plugin MCP3008
2014-07-21 16:07:34,979 - __main__ - INFO - Success: Loaded sensor plugin DHT22
2014-07-21 16:07:35,001 - __main__ - INFO - Success: Loaded sensor plugin LDR
2014-07-21 16:07:35,010 - __main__ - INFO - Success: Loaded sensor plugin MiCS-2710
2014-07-21 16:07:35,019 - __main__ - INFO - Success: Loaded sensor plugin MiCS-5525
2014-07-21 16:07:35,028 - __main__ - INFO - Success: Loaded sensor plugin Mic
2014-07-21 16:07:35,076 - __main__ - INFO - Success: Loaded support plugin Calibration
2014-07-21 16:07:35,116 - __main__ - INFO - Success: Loaded output plugin CSVOutput
2014-07-21 16:07:35,419 - __main__ - INFO - Success: Loaded alert plugin Tweet
2014-07-21 16:07:35,994 - __main__ - INFO - Success: Data output in all requested formats.
2014-07-21 16:07:50,997 - __main__ - INFO - Success: Data output in all requested formats.
2014-07-21 16:08:06,000 - __main__ - INFO - Success: Data output in all requested formats.
2014-07-21 16:08:21,004 - __main__ - INFO - Success: Data output in all requested formats.
2014-07-21 16:08:36,007 - __main__ - INFO - Success: Data output in all requested formats.
2014-07-21 16:08:51,011 - __main__ - INFO - Success: Data output in all requested formats.
2014-07-21 16:09:06,014 - __main__ - INFO - Success: Data output in all requested formats.
2014-07-21 16:09:21,018 - __main__ - INFO - Success: Data output in all requested formats.
2014-07-21 16:09:36,022 - __main__ - INFO - Success: Data output in all requested formats.
2014-07-21 16:09:51,025 - __main__ - INFO - Success: Data output in all requested formats.
2014-07-21 16:10:06,029 - __main__ - INFO - Success: Data output in all requested formats.
2014-07-21 16:10:21,032 - __main__ - INFO - Success: Data output in all requested formats.
2014-07-21 16:10:36,036 - __main__ - INFO - Success: Data output in all requested formats.
2014-07-21 16:10:51,040 - __main__ - INFO - Success: Data output in all requested formats.
2014-07-21 16:11:06,043 - __main__ - INFO - Success: Data output in all requested formats.
2014-07-21 16:11:21,047 - __main__ - INFO - Success: Data output in all requested formats.
2014-07-21 16:11:36,050 - __main__ - INFO - Success: Data output in all requested formats.
2014-07-21 16:11:51,054 - __main__ - INFO - Success: Data output in all requested formats.
2014-07-21 16:12:06,057 - __main__ - INFO - Success: Data output in all requested formats.
2014-07-21 16:12:21,061 - __main__ - INFO - Success: Data output in all requested formats.
2014-07-21 16:12:36,065 - __main__ - INFO - Success: Data output in all requested formats.
2014-07-21 16:22:53,986 - __main__ - INFO - Success: Loaded sensor plugin BMP085-temp
2014-07-21 16:22:53,997 - __main__ - INFO - Success: Loaded sensor plugin BMP085-pres
2014-07-21 16:22:54,023 - __main__ - INFO - Success: Loaded support plugin MCP3008
2014-07-21 16:22:54,055 - __main__ - INFO - Success: Loaded sensor plugin DHT22
2014-07-21 16:22:54,077 - __main__ - INFO - Success: Loaded sensor plugin LDR
2014-07-21 16:22:54,094 - __main__ - INFO - Success: Loaded sensor plugin MiCS-2710
2014-07-21 16:22:54,106 - __main__ - INFO - Success: Loaded sensor plugin MiCS-5525
2014-07-21 16:22:54,117 - __main__ - INFO - Success: Loaded sensor plugin Mic
2014-07-21 16:22:54,167 - __main__ - INFO - Success: Loaded support plugin Calibration
2014-07-21 16:22:54,211 - __main__ - INFO - Success: Loaded output plugin CSVOutput
2014-07-21 16:22:54,517 - __main__ - INFO - Success: Loaded alert plugin Tweet
2014-07-21 20:20:01,308 - __main__ - INFO - Success: Loaded sensor plugin BMP085-temp
2014-07-21 20:20:01,321 - __main__ - INFO - Success: Loaded sensor plugin BMP085-pres
2014-07-21 20:20:01,345 - __main__ - INFO - Success: Loaded support plugin MCP3008
2014-07-21 20:20:01,375 - __main__ - INFO - Success: Loaded sensor plugin DHT22
2014-07-21 20:20:01,400 - __main__ - INFO - Success: Loaded sensor plugin LDR
2014-07-21 20:20:01,413 - __main__ - INFO - Success: Loaded sensor plugin MiCS-2710
2014-07-21 20:20:01,425 - __main__ - INFO - Success: Loaded sensor plugin MiCS-5525
2014-07-21 20:20:01,437 - __main__ - INFO - Success: Loaded sensor plugin Mic
2014-07-21 20:20:01,486 - __main__ - INFO - Success: Loaded support plugin Calibration
2014-07-21 20:20:01,529 - __main__ - INFO - Success: Loaded output plugin CSVOutput
2014-07-21 20:20:01,837 - __main__ - INFO - Success: Loaded alert plugin Tweet
2014-07-21 20:20:02,422 - __main__ - INFO - Success: Data output in all requested formats.
2014-07-21 20:20:22,325 - __main__ - INFO - Success: Loaded sensor plugin BMP085-temp
2014-07-21 20:20:22,335 - __main__ - INFO - Success: Loaded sensor plugin BMP085-pres
2014-07-21 20:20:22,355 - __main__ - INFO - Success: Loaded support plugin MCP3008
2014-07-21 20:20:22,378 - __main__ - INFO - Success: Loaded sensor plugin DHT22
2014-07-21 20:20:22,399 - __main__ - INFO - Success: Loaded sensor plugin LDR
2014-07-21 20:20:22,410 - __main__ - INFO - Success: Loaded sensor plugin MiCS-2710
2014-07-21 20:20:22,420 - __main__ - INFO - Success: Loaded sensor plugin MiCS-5525
2014-07-21 20:20:22,429 - __main__ - INFO - Success: Loaded sensor plugin Mic
2014-07-21 20:20:22,472 - __main__ - INFO - Success: Loaded support plugin Calibration
2014-07-21 20:20:22,494 - __main__ - INFO - Success: Loaded output plugin Print
2014-07-21 20:20:22,712 - __main__ - INFO - Success: Loaded alert plugin Tweet
2014-07-21 20:20:23,324 - __main__ - INFO - Success: Data output in all requested formats.
2014-07-21 20:20:38,331 - __main__ - INFO - Success: Data output in all requested formats.
